<?xml version="1.0" encoding="UTF-8"?>
<!-- Generated by org.testng.reporters.JUnitReportReporter -->
<testsuite skipped="0" hostname="Rajneesh" name="test001.test001.NewTest" tests="1" failures="0" timestamp="2019-12-04T15:33:49 IST" time="0.027" errors="0">
  <testcase name="f" time="0.027" classname="test001.test001.NewTest"/>
</testsuite> <!-- test001.test001.NewTest -->
